[0211/131457.161:ERROR:crash_report_database_win.cc(558)] GetFileAttributes C:\Users\KOUSHI~1.PAL\AppData\Local\Temp\scoped_dir15872_880420556\Crashpad: The system cannot find the file specified. (0x2)
[0211/131715.079:ERROR:crash_report_database_win.cc(558)] GetFileAttributes C:\Users\KOUSHI~1.PAL\AppData\Local\Temp\scoped_dir1668_1307272086\Crashpad: The system cannot find the file specified. (0x2)
[0211/133935.645:ERROR:crash_report_database_win.cc(558)] GetFileAttributes C:\Users\KOUSHI~1.PAL\AppData\Local\Temp\scoped_dir13772_992137549\Crashpad: The system cannot find the file specified. (0x2)
[0211/184615.191:ERROR:process_reader_win.cc(123)] NtOpenThread: {Access Denied} A process has requested access to an object, but has not been granted those access rights. (0xc0000022)
[0211/184615.430:ERROR:exception_snapshot_win.cc(98)] thread ID 9780 not found in process
[0211/184615.430:ERROR:scoped_process_suspend.cc(40)] NtResumeProcess: An attempt was made to access an exiting process. (0xc000010a)
[0211/184924.115:ERROR:process_reader_win.cc(123)] NtOpenThread: {Access Denied} A process has requested access to an object, but has not been granted those access rights. (0xc0000022)
[0211/184924.142:ERROR:exception_snapshot_win.cc(98)] thread ID 11664 not found in process
[0211/184924.150:ERROR:process_reader_win.cc(151)] SuspendThread: Access is denied. (0x5)
[0211/184924.151:ERROR:process_reader_win.cc(123)] NtOpenThread: {Access Denied} A process has requested access to an object, but has not been granted those access rights. (0xc0000022)
[0211/184924.151:ERROR:exception_snapshot_win.cc(98)] thread ID 13636 not found in process
[0211/185525.816:ERROR:crash_report_database_win.cc(558)] GetFileAttributes C:\Users\KOUSHI~1.PAL\AppData\Local\Temp\scoped_dir10780_99260962\Crashpad: The system cannot find the file specified. (0x2)
[0211/204049.178:ERROR:process_reader_win.cc(151)] SuspendThread: Access is denied. (0x5)
[0211/204049.600:ERROR:process_reader_win.cc(151)] SuspendThread: Access is denied. (0x5)
[0211/204049.600:ERROR:process_reader_win.cc(151)] SuspendThread: Access is denied. (0x5)
[0211/204049.600:ERROR:process_reader_win.cc(123)] NtOpenThread: {Access Denied} A process has requested access to an object, but has not been granted those access rights. (0xc0000022)
[0211/204049.600:ERROR:exception_snapshot_win.cc(98)] thread ID 12244 not found in process
[0211/204504.939:ERROR:process_reader_win.cc(151)] SuspendThread: Access is denied. (0x5)
[0211/204504.950:ERROR:process_reader_win.cc(151)] SuspendThread: Access is denied. (0x5)
[0211/204504.950:ERROR:process_reader_win.cc(123)] NtOpenThread: {Access Denied} A process has requested access to an object, but has not been granted those access rights. (0xc0000022)
[0211/204504.952:ERROR:exception_snapshot_win.cc(98)] thread ID 8760 not found in process
[0211/204505.036:ERROR:process_reader_win.cc(123)] NtOpenThread: {Access Denied} A process has requested access to an object, but has not been granted those access rights. (0xc0000022)
[0211/204505.037:ERROR:exception_snapshot_win.cc(98)] thread ID 18492 not found in process
[0213/200754.402:ERROR:process_reader_win.cc(151)] SuspendThread: Access is denied. (0x5)
[0213/200754.543:ERROR:process_reader_win.cc(151)] SuspendThread: Access is denied. (0x5)
[0213/200754.543:ERROR:process_reader_win.cc(123)] NtOpenThread: {Access Denied} A process has requested access to an object, but has not been granted those access rights. (0xc0000022)
[0213/200754.603:ERROR:exception_snapshot_win.cc(98)] thread ID 14460 not found in process
[0213/200754.717:ERROR:process_reader_win.cc(151)] SuspendThread: Access is denied. (0x5)
[0213/200754.717:ERROR:process_reader_win.cc(151)] SuspendThread: Access is denied. (0x5)
[0213/200754.718:ERROR:process_reader_win.cc(151)] SuspendThread: Access is denied. (0x5)
[0213/200754.718:ERROR:process_reader_win.cc(151)] SuspendThread: Access is denied. (0x5)
[0213/200754.718:ERROR:process_reader_win.cc(151)] SuspendThread: Access is denied. (0x5)
[0213/200754.718:ERROR:process_reader_win.cc(123)] NtOpenThread: {Access Denied} A process has requested access to an object, but has not been granted those access rights. (0xc0000022)
[0213/200754.718:ERROR:exception_snapshot_win.cc(98)] thread ID 15836 not found in process
[0213/201428.921:ERROR:process_reader_win.cc(123)] NtOpenThread: {Access Denied} A process has requested access to an object, but has not been granted those access rights. (0xc0000022)
[0213/201428.934:ERROR:exception_snapshot_win.cc(98)] thread ID 6996 not found in process
[0213/201429.012:ERROR:process_reader_win.cc(123)] NtOpenThread: {Access Denied} A process has requested access to an object, but has not been granted those access rights. (0xc0000022)
[0213/201429.012:ERROR:exception_snapshot_win.cc(98)] thread ID 4592 not found in process
[0213/201604.610:ERROR:process_reader_win.cc(123)] NtOpenThread: {Access Denied} A process has requested access to an object, but has not been granted those access rights. (0xc0000022)
[0213/201604.622:ERROR:exception_snapshot_win.cc(98)] thread ID 2928 not found in process
[0213/201604.639:ERROR:process_reader_win.cc(151)] SuspendThread: Access is denied. (0x5)
[0213/201604.641:ERROR:process_reader_win.cc(123)] NtOpenThread: {Access Denied} A process has requested access to an object, but has not been granted those access rights. (0xc0000022)
[0213/201604.641:ERROR:exception_snapshot_win.cc(98)] thread ID 1416 not found in process
[0213/201731.432:ERROR:process_reader_win.cc(151)] SuspendThread: Access is denied. (0x5)
[0213/201731.447:ERROR:process_reader_win.cc(151)] SuspendThread: Access is denied. (0x5)
[0213/201731.447:ERROR:process_reader_win.cc(123)] NtOpenThread: {Access Denied} A process has requested access to an object, but has not been granted those access rights. (0xc0000022)
[0213/201731.448:ERROR:exception_snapshot_win.cc(98)] thread ID 11284 not found in process
[0213/201731.463:ERROR:process_reader_win.cc(123)] NtOpenThread: {Access Denied} A process has requested access to an object, but has not been granted those access rights. (0xc0000022)
[0213/201731.463:ERROR:exception_snapshot_win.cc(98)] thread ID 14760 not found in process
[0224/163058.527:ERROR:process_reader_win.cc(123)] NtOpenThread: {Access Denied} A process has requested access to an object, but has not been granted those access rights. (0xc0000022)
[0224/163058.788:ERROR:exception_snapshot_win.cc(98)] thread ID 12572 not found in process
[0224/163058.675:ERROR:process_reader_win.cc(123)] NtOpenThread: {Access Denied} A process has requested access to an object, but has not been granted those access rights. (0xc0000022)
[0224/163058.788:ERROR:exception_snapshot_win.cc(98)] thread ID 18276 not found in process
[0224/163556.625:ERROR:crash_report_database_win.cc(558)] GetFileAttributes C:\Users\KOUSHI~1.PAL\AppData\Local\Temp\scoped_dir18384_713813293\Crashpad: The system cannot find the file specified. (0x2)
[0224/163725.115:ERROR:crash_report_database_win.cc(558)] GetFileAttributes C:\Users\KOUSHI~1.PAL\AppData\Local\Temp\scoped_dir17876_1163573803\Crashpad: The system cannot find the file specified. (0x2)
[0224/163756.028:ERROR:crash_report_database_win.cc(558)] GetFileAttributes C:\Users\KOUSHI~1.PAL\AppData\Local\Temp\scoped_dir14784_38676496\Crashpad: The system cannot find the file specified. (0x2)
[0224/164329.632:ERROR:process_reader_win.cc(151)] SuspendThread: Access is denied. (0x5)
[0224/164329.644:ERROR:process_reader_win.cc(151)] SuspendThread: Access is denied. (0x5)
[0224/164329.644:ERROR:process_reader_win.cc(123)] NtOpenThread: {Access Denied} A process has requested access to an object, but has not been granted those access rights. (0xc0000022)
[0224/164329.654:ERROR:process_reader_win.cc(123)] NtOpenThread: {Access Denied} A process has requested access to an object, but has not been granted those access rights. (0xc0000022)
[0224/164329.677:ERROR:exception_snapshot_win.cc(98)] thread ID 15436 not found in process
[0224/164329.677:ERROR:exception_snapshot_win.cc(98)] thread ID 5292 not found in process
[0224/164338.374:ERROR:process_reader_win.cc(123)] NtOpenThread: {Access Denied} A process has requested access to an object, but has not been granted those access rights. (0xc0000022)
[0224/164338.374:ERROR:exception_snapshot_win.cc(98)] thread ID 3056 not found in process
[0224/165356.417:ERROR:process_reader_win.cc(151)] SuspendThread: Access is denied. (0x5)
[0224/165356.430:ERROR:process_reader_win.cc(151)] SuspendThread: Access is denied. (0x5)
[0224/165356.430:ERROR:process_reader_win.cc(151)] SuspendThread: Access is denied. (0x5)
[0224/165356.430:ERROR:process_reader_win.cc(151)] SuspendThread: Access is denied. (0x5)
[0224/165356.430:ERROR:process_reader_win.cc(123)] NtOpenThread: {Access Denied} A process has requested access to an object, but has not been granted those access rights. (0xc0000022)
[0224/165356.430:ERROR:process_reader_win.cc(123)] NtOpenThread: {Access Denied} A process has requested access to an object, but has not been granted those access rights. (0xc0000022)
[0224/165356.431:ERROR:exception_snapshot_win.cc(98)] thread ID 3288 not found in process
[0224/165356.431:ERROR:exception_snapshot_win.cc(98)] thread ID 784 not found in process
[0224/165356.437:ERROR:process_reader_win.cc(151)] SuspendThread: Access is denied. (0x5)
[0224/165356.438:ERROR:process_reader_win.cc(151)] SuspendThread: Access is denied. (0x5)
[0224/165356.438:ERROR:process_reader_win.cc(151)] SuspendThread: Access is denied. (0x5)
[0224/165356.438:ERROR:process_reader_win.cc(151)] SuspendThread: Access is denied. (0x5)
[0224/165356.438:ERROR:process_reader_win.cc(123)] NtOpenThread: {Access Denied} A process has requested access to an object, but has not been granted those access rights. (0xc0000022)
[0224/165356.438:ERROR:exception_snapshot_win.cc(98)] thread ID 10776 not found in process
[0224/165829.145:ERROR:crash_report_database_win.cc(558)] GetFileAttributes C:\Users\KOUSHI~1.PAL\AppData\Local\Temp\scoped_dir15376_566008491\Crashpad: The system cannot find the file specified. (0x2)
[0224/192153.561:ERROR:process_reader_win.cc(123)] NtOpenThread: {Access Denied} A process has requested access to an object, but has not been granted those access rights. (0xc0000022)
[0224/192153.853:ERROR:exception_snapshot_win.cc(98)] thread ID 20092 not found in process
[0224/192154.760:ERROR:process_reader_win.cc(123)] NtOpenThread: {Access Denied} A process has requested access to an object, but has not been granted those access rights. (0xc0000022)
[0224/192154.760:ERROR:exception_snapshot_win.cc(98)] thread ID 20096 not found in process
[0224/192548.669:ERROR:process_reader_win.cc(151)] SuspendThread: Access is denied. (0x5)
[0224/192548.722:ERROR:process_reader_win.cc(151)] SuspendThread: Access is denied. (0x5)
[0224/192548.722:ERROR:process_reader_win.cc(151)] SuspendThread: Access is denied. (0x5)
[0224/192548.717:ERROR:process_reader_win.cc(123)] NtOpenThread: {Access Denied} A process has requested access to an object, but has not been granted those access rights. (0xc0000022)
[0224/192548.722:ERROR:process_reader_win.cc(123)] NtOpenThread: {Access Denied} A process has requested access to an object, but has not been granted those access rights. (0xc0000022)
[0224/192548.726:ERROR:exception_snapshot_win.cc(98)] thread ID 18980 not found in process
[0224/192548.726:ERROR:exception_snapshot_win.cc(98)] thread ID 8156 not found in process
[0224/192548.755:ERROR:process_reader_win.cc(123)] NtOpenThread: {Access Denied} A process has requested access to an object, but has not been granted those access rights. (0xc0000022)
[0224/192548.755:ERROR:exception_snapshot_win.cc(98)] thread ID 17572 not found in process
[0225/160859.893:ERROR:process_reader_win.cc(123)] NtOpenThread: {Access Denied} A process has requested access to an object, but has not been granted those access rights. (0xc0000022)
[0225/160859.923:ERROR:exception_snapshot_win.cc(98)] thread ID 13736 not found in process
[0225/160859.926:ERROR:process_reader_win.cc(123)] NtOpenThread: {Access Denied} A process has requested access to an object, but has not been granted those access rights. (0xc0000022)
[0225/160859.926:ERROR:exception_snapshot_win.cc(98)] thread ID 392 not found in process
[0225/180945.805:ERROR:process_reader_win.cc(151)] SuspendThread: Access is denied. (0x5)
[0225/180945.991:ERROR:process_reader_win.cc(123)] NtOpenThread: {Access Denied} A process has requested access to an object, but has not been granted those access rights. (0xc0000022)
[0225/180945.992:ERROR:exception_snapshot_win.cc(98)] thread ID 21452 not found in process
[0225/180950.591:ERROR:process_reader_win.cc(123)] NtOpenThread: {Access Denied} A process has requested access to an object, but has not been granted those access rights. (0xc0000022)
[0225/180950.591:ERROR:exception_snapshot_win.cc(98)] thread ID 21456 not found in process
[0225/190930.026:ERROR:process_reader_win.cc(151)] SuspendThread: Access is denied. (0x5)
[0225/190930.403:ERROR:process_reader_win.cc(151)] SuspendThread: Access is denied. (0x5)
[0225/190930.403:ERROR:process_reader_win.cc(123)] NtOpenThread: {Access Denied} A process has requested access to an object, but has not been granted those access rights. (0xc0000022)
[0225/190930.044:ERROR:process_reader_win.cc(123)] NtOpenThread: {Access Denied} A process has requested access to an object, but has not been granted those access rights. (0xc0000022)
[0225/190930.423:ERROR:exception_snapshot_win.cc(98)] thread ID 13692 not found in process
[0225/190930.423:ERROR:exception_snapshot_win.cc(98)] thread ID 14784 not found in process
[0225/190931.131:ERROR:process_reader_win.cc(123)] NtOpenThread: {Access Denied} A process has requested access to an object, but has not been granted those access rights. (0xc0000022)
[0225/190931.132:ERROR:exception_snapshot_win.cc(98)] thread ID 10808 not found in process
